 ⚠ Compiled with warnings in 4.4min

./node_modules/.pnpm/require-in-the-middle@7.5.2/node_modules/require-in-the-middle/index.js
Critical dependency: require function is used in a way in which dependencies cannot be statically extracted

Import trace for requested module:
./node_modules/.pnpm/require-in-the-middle@7.5.2/node_modules/require-in-the-middle/index.js
./node_modules/.pnpm/@opentelemetry+instrumentat_91c8d81e8ff5cdaf602b4d4bf87f5e08/node_modules/@opentelemetry/instrumentation/build/esm/platform/node/instrumentation.js
./node_modules/.pnpm/@opentelemetry+instrumentat_91c8d81e8ff5cdaf602b4d4bf87f5e08/node_modules/@opentelemetry/instrumentation/build/esm/platform/node/index.js
./node_modules/.pnpm/@opentelemetry+instrumentat_91c8d81e8ff5cdaf602b4d4bf87f5e08/node_modules/@opentelemetry/instrumentation/build/esm/platform/index.js
./node_modules/.pnpm/@opentelemetry+instrumentat_91c8d81e8ff5cdaf602b4d4bf87f5e08/node_modules/@opentelemetry/instrumentation/build/esm/index.js
./node_modules/.pnpm/@sentry+node@9.47.1/node_modules/@sentry/node/build/cjs/integrations/tracing/postgresjs.js
./node_modules/.pnpm/@sentry+node@9.47.1/node_modules/@sentry/node/build/cjs/index.js
./node_modules/.pnpm/@sentry+nextjs@9.47.1_@open_0968aa9aea403630a6b31e150edb1de8/node_modules/@sentry/nextjs/build/cjs/index.server.js
./app/global-error.tsx

./node_modules/.pnpm/@opentelemetry+instrumentat_91c8d81e8ff5cdaf602b4d4bf87f5e08/node_modules/@opentelemetry/instrumentation/build/esm/platform/node/instrumentation.js
Critical dependency: the request of a dependency is an expression

Import trace for requested module:
./node_modules/.pnpm/@opentelemetry+instrumentat_91c8d81e8ff5cdaf602b4d4bf87f5e08/node_modules/@opentelemetry/instrumentation/build/esm/platform/node/instrumentation.js
./node_modules/.pnpm/@opentelemetry+instrumentat_91c8d81e8ff5cdaf602b4d4bf87f5e08/node_modules/@opentelemetry/instrumentation/build/esm/platform/node/index.js
./node_modules/.pnpm/@opentelemetry+instrumentat_91c8d81e8ff5cdaf602b4d4bf87f5e08/node_modules/@opentelemetry/instrumentation/build/esm/platform/index.js
./node_modules/.pnpm/@opentelemetry+instrumentat_91c8d81e8ff5cdaf602b4d4bf87f5e08/node_modules/@opentelemetry/instrumentation/build/esm/index.js
./node_modules/.pnpm/@sentry+node@9.47.1/node_modules/@sentry/node/build/cjs/integrations/tracing/postgresjs.js
./node_modules/.pnpm/@sentry+node@9.47.1/node_modules/@sentry/node/build/cjs/index.js
./node_modules/.pnpm/@sentry+nextjs@9.47.1_@open_0968aa9aea403630a6b31e150edb1de8/node_modules/@sentry/nextjs/build/cjs/index.server.js

./node_modules/.pnpm/require-in-the-middle@7.5.2/node_modules/require-in-the-middle/index.js
Critical dependency: require function is used in a way in which dependencies cannot be statically extracted

Import trace for requested module:
./node_modules/.pnpm/require-in-the-middle@7.5.2/node_modules/require-in-the-middle/index.js
./node_modules/.pnpm/@opentelemetry+instrumentat_91c8d81e8ff5cdaf602b4d4bf87f5e08/node_modules/@opentelemetry/instrumentation/build/esm/platform/node/instrumentation.js
./node_modules/.pnpm/@opentelemetry+instrumentat_91c8d81e8ff5cdaf602b4d4bf87f5e08/node_modules/@opentelemetry/instrumentation/build/esm/platform/node/index.js
./node_modules/.pnpm/@opentelemetry+instrumentat_91c8d81e8ff5cdaf602b4d4bf87f5e08/node_modules/@opentelemetry/instrumentation/build/esm/platform/index.js
./node_modules/.pnpm/@opentelemetry+instrumentat_91c8d81e8ff5cdaf602b4d4bf87f5e08/node_modules/@opentelemetry/instrumentation/build/esm/index.js
./node_modules/.pnpm/@sentry+node@9.47.1/node_modules/@sentry/node/build/cjs/integrations/tracing/postgresjs.js
./node_modules/.pnpm/@sentry+node@9.47.1/node_modules/@sentry/node/build/cjs/index.js
./node_modules/.pnpm/@sentry+nextjs@9.47.1_@open_0968aa9aea403630a6b31e150edb1de8/node_modules/@sentry/nextjs/build/cjs/index.server.js

<w> [webpack.cache.PackFileCacheStrategy] Serializing big strings (128kiB) impacts deserialization performance (consider using Buffer instead and decode when needed)
[2m2026-04-05T14:25:27.475Z[0m [33mWARN[0m [1m[Better Auth]:[0m [better-auth] Warning: your BETTER_AUTH_SECRET should be at least 32 characters long for adequate security. Generate one with `npx auth secret` or `openssl rand -base64 32`.
[2m2026-04-05T14:25:27.490Z[0m [33mWARN[0m [1m[Better Auth]:[0m [better-auth] Warning: your BETTER_AUTH_SECRET appears low-entropy. Use a randomly generated secret for production.
[2m2026-04-05T14:25:27.524Z[0m [33mWARN[0m [1m[Better Auth]:[0m [better-auth] Warning: your BETTER_AUTH_SECRET should be at least 32 characters long for adequate security. Generate one with `npx auth secret` or `openssl rand -base64 32`.
[2m2026-04-05T14:25:27.547Z[0m [33mWARN[0m [1m[Better Auth]:[0m [better-auth] Warning: your BETTER_AUTH_SECRET appears low-entropy. Use a randomly generated secret for production.
[2m2026-04-05T14:25:27.548Z[0m [33mWARN[0m [1m[Better Auth]:[0m [better-auth] Warning: your BETTER_AUTH_SECRET should be at least 32 characters long for adequate security. Generate one with `npx auth secret` or `openssl rand -base64 32`.
[2m2026-04-05T14:25:27.552Z[0m [33mWARN[0m [1m[Better Auth]:[0m [better-auth] Warning: your BETTER_AUTH_SECRET appears low-entropy. Use a randomly generated secret for production.
[2m2026-04-05T14:25:27.565Z[0m [33mWARN[0m [1m[Better Auth]:[0m [better-auth] Warning: your BETTER_AUTH_SECRET should be at least 32 characters long for adequate security. Generate one with `npx auth secret` or `openssl rand -base64 32`.
[2m2026-04-05T14:25:27.568Z[0m [33mWARN[0m [1m[Better Auth]:[0m [better-auth] Warning: your BETTER_AUTH_SECRET appears low-entropy. Use a randomly generated secret for production.
[2m2026-04-05T14:25:27.616Z[0m [33mWARN[0m [1m[Better Auth]:[0m [better-auth] Warning: your BETTER_AUTH_SECRET should be at least 32 characters long for adequate security. Generate one with `npx auth secret` or `openssl rand -base64 32`.
[2m2026-04-05T14:25:27.618Z[0m [33mWARN[0m [1m[Better Auth]:[0m [better-auth] Warning: your BETTER_AUTH_SECRET appears low-entropy. Use a randomly generated secret for production.
[2m2026-04-05T14:25:27.629Z[0m [33mWARN[0m [1m[Better Auth]:[0m [better-auth] Warning: your BETTER_AUTH_SECRET should be at least 32 characters long for adequate security. Generate one with `npx auth secret` or `openssl rand -base64 32`.
[2m2026-04-05T14:25:27.632Z[0m [33mWARN[0m [1m[Better Auth]:[0m [better-auth] Warning: your BETTER_AUTH_SECRET appears low-entropy. Use a randomly generated secret for production.
[2m2026-04-05T14:25:52.031Z[0m [33mWARN[0m [1m[Better Auth]:[0m [better-auth] Warning: your BETTER_AUTH_SECRET should be at least 32 characters long for adequate security. Generate one with `npx auth secret` or `openssl rand -base64 32`.
[2m2026-04-05T14:25:52.033Z[0m [33mWARN[0m [1m[Better Auth]:[0m [better-auth] Warning: your BETTER_AUTH_SECRET appears low-entropy. Use a randomly generated secret for production.
[2m2026-04-05T14:26:06.059Z[0m [33mWARN[0m [1m[Better Auth]:[0m [better-auth] Warning: your BETTER_AUTH_SECRET should be at least 32 characters long for adequate security. Generate one with `npx auth secret` or `openssl rand -base64 32`.
[2m2026-04-05T14:26:06.061Z[0m [33mWARN[0m [1m[Better Auth]:[0m [better-auth] Warning: your BETTER_AUTH_SECRET appears low-entropy. Use a randomly generated secret for production.
[2m2026-04-05T14:26:06.068Z[0m [33mWARN[0m [1m[Better Auth]:[0m [better-auth] Warning: your BETTER_AUTH_SECRET should be at least 32 characters long for adequate security. Generate one with `npx auth secret` or `openssl rand -base64 32`.
[2m2026-04-05T14:26:06.071Z[0m [33mWARN[0m [1m[Better Auth]:[0m [better-auth] Warning: your BETTER_AUTH_SECRET appears low-entropy. Use a randomly generated secret for production.
